TN:
SF:server.js
FNF:0
FNH:0
DA:1,1
DA:2,1
DA:3,1
DA:4,1
DA:5,1
DA:6,1
DA:7,1
DA:8,1
DA:9,1
DA:10,1
LF:10
LH:10
BRDA:1,0,0,1
BRDA:7,1,0,1
BRF:2
BRH:2
end_of_record
TN:
SF:controllers\notesController.js
FN:5,exports.getAllNotes
FN:13,exports.getNoteById
FN:29,exports.createNote
FN:58,exports.updateNote
FN:69,exports.deleteNote
FNF:5
FNH:5
FNDA:1,exports.getAllNotes
FNDA:1,exports.getNoteById
FNDA:8,exports.createNote
FNDA:1,exports.updateNote
FNDA:3,exports.deleteNote
DA:1,1
DA:2,1
DA:3,1
DA:4,1
DA:5,1
DA:6,1
DA:7,1
DA:8,1
DA:9,1
DA:10,1
DA:11,1
DA:12,1
DA:13,1
DA:14,1
DA:15,1
DA:16,1
DA:17,1
DA:18,1
DA:19,1
DA:20,1
DA:21,1
DA:22,1
DA:23,1
DA:24,0
DA:25,0
DA:26,0
DA:27,1
DA:28,1
DA:29,1
DA:30,8
DA:31,1
DA:32,1
DA:33,7
DA:34,7
DA:35,7
DA:36,7
DA:37,8
DA:38,8
DA:39,8
DA:40,8
DA:41,2
DA:42,8
DA:43,5
DA:44,5
DA:45,2
DA:46,2
DA:47,2
DA:48,2
DA:49,2
DA:50,2
DA:51,2
DA:52,2
DA:53,2
DA:54,2
DA:55,2
DA:56,1
DA:57,1
DA:58,1
DA:59,1
DA:60,1
DA:61,1
DA:62,1
DA:63,1
DA:64,1
DA:65,1
DA:66,1
DA:67,1
DA:68,1
DA:69,1
DA:70,3
DA:71,3
DA:72,3
DA:73,3
DA:74,3
DA:75,3
DA:76,2
DA:77,2
DA:78,2
DA:79,2
DA:80,1
DA:81,1
DA:82,1
DA:83,1
DA:84,1
DA:85,1
DA:86,1
DA:87,1
LF:87
LH:84
BRDA:1,0,0,1
BRDA:5,1,0,1
BRDA:13,2,0,1
BRDA:24,3,0,0
BRDA:17,4,0,211
BRDA:29,5,0,8
BRDA:30,6,0,1
BRDA:33,7,0,7
BRDA:37,8,0,7
BRDA:38,9,0,5
BRDA:39,10,0,3
BRDA:40,11,0,2
BRDA:42,12,0,5
BRDA:45,13,0,2
BRDA:58,14,0,1
BRDA:60,15,0,212
BRDA:61,16,0,0
BRDA:69,17,0,3
BRDA:75,18,0,2
BRDA:80,19,0,1
BRDA:73,20,0,637
BRDA:81,21,0,213
BRF:22
BRH:20
end_of_record
TN:
SF:routes\notesRoutes.js
FNF:0
FNH:0
DA:1,1
DA:2,1
DA:3,1
DA:4,1
DA:5,1
DA:6,1
DA:7,1
DA:8,1
DA:9,1
LF:9
LH:9
BRDA:1,0,0,1
BRF:1
BRH:1
end_of_record
TN:
SF:services\notesServices.js
FN:2,getNotes
FN:6,getNoteById
FN:11,saveNotes
FN:14,updateNote
FNF:4
FNH:2
FNDA:8,getNotes
FNDA:0,getNoteById
FNDA:4,saveNotes
FNDA:0,updateNote
DA:1,1
DA:2,8
DA:3,8
DA:4,8
DA:5,8
DA:6,0
DA:7,0
DA:8,0
DA:9,0
DA:10,0
DA:11,4
DA:12,4
DA:13,4
DA:14,0
DA:15,0
DA:16,0
DA:17,1
LF:17
LH:9
BRDA:1,0,0,1
BRDA:2,1,0,8
BRDA:11,2,0,4
BRF:3
BRH:3
end_of_record
